<?xml version="1.0" encoding="UTF-8"?>
<testng-results ignored="0" total="1" passed="1" failed="0" skipped="0">
  <reporter-output>
  </reporter-output>
  <suite started-at="2024-09-08T18:09:49 IST" name="Suite" finished-at="2024-09-08T18:10:05 IST" duration-ms="16332">
    <groups>
    </groups>
    <test started-at="2024-09-08T18:09:49 IST" name="Test" finished-at="2024-09-08T18:10:05 IST" duration-ms="16332">
      <class name="com.testcases.LocalSeleniumGridExecution">
        <test-method signature="OpenBrowser()[pri:0, instance:com.testcases.LocalSeleniumGridExecution@52e6fdee]" started-at="2024-09-08T18:09:49 IST" name="OpenBrowser" finished-at="2024-09-08T18:10:05 IST" duration-ms="16278" status="PASS">
          <reporter-output>
          </reporter-output>
        </test-method> <!-- OpenBrowser -->
      </class> <!-- com.testcases.LocalSeleniumGridExecution -->
    </test> <!-- Test -->
  </suite> <!-- Suite -->
</testng-results>
