<?xml version="1.0" encoding="UTF-8"?>
<testng-results ignored="0" total="1" passed="1" failed="0" skipped="0">
  <reporter-output>
  </reporter-output>
  <suite started-at="2024-09-08T18:00:39 IST" name="Default suite" finished-at="2024-09-08T18:01:05 IST" duration-ms="25248">
    <groups>
    </groups>
    <test started-at="2024-09-08T18:00:39 IST" name="Default test" finished-at="2024-09-08T18:01:05 IST" duration-ms="25248">
      <class name="com.testcases.LocalSeleniumGridExecution">
        <test-method signature="OpenBrowser()[pri:0, instance:com.testcases.LocalSeleniumGridExecution@618b19ad]" started-at="2024-09-08T18:00:39 IST" name="OpenBrowser" finished-at="2024-09-08T18:01:05 IST" duration-ms="25187" status="PASS">
          <reporter-output>
          </reporter-output>
        </test-method> <!-- OpenBrowser -->
      </class> <!-- com.testcases.LocalSeleniumGridExecution -->
    </test> <!-- Default test -->
  </suite> <!-- Default suite -->
</testng-results>
